# JRE version: Java(TM) SE Runtime Environment (8.0_91-b14) (build 1.8.0_91-b14)
# Java VM: Java HotSpot(TM) 64-Bit Server VM (25.91-b14 mixed mode linux-amd64 compressed oops)
Heap:
 PSYoungGen      total 115200K, used 42552K [0x00000000f8000000, 0x0000000100000000, 0x0000000100000000)
  eden space 100864K, 37% used [0x00000000f8000000,0x00000000fa516308,0x00000000fe280000)
  from space 14336K, 31% used [0x00000000fe280000,0x00000000fe6f8090,0x00000000ff080000)
  to   space 13824K, 0% used [0x00000000ff280000,0x00000000ff280000,0x0000000100000000)
 ParOldGen       total 60416K, used 29061K [0x00000000e8000000, 0x00000000ebb00000, 0x00000000f8000000)
  object space 60416K, 48% used [0x00000000e8000000,0x00000000e9c616c8,0x00000000ebb00000)
 Metaspace       used 54093K, capacity 58536K, committed 58752K, reserved 1099776K
  class space    used 6301K, capacity 7718K, committed 7808K, reserved 1048576K
GC Heap History (10 events):
Event: 208,295 GC heap before
{Heap before GC invocations=15 (full 3):
 PSYoungGen      total 111104K, used 10744K [0x00000000f8000000, 0x0000000100000000, 0x0000000100000000)
  eden space 100352K, 0% used [0x00000000f8000000,0x00000000f8000000,0x00000000fe200000)
  from space 10752K, 99% used [0x00000000ff580000,0x00000000ffffe068,0x0000000100000000)
  to   space 15360K, 0% used [0x00000000fe200000,0x00000000fe200000,0x00000000ff100000)
 ParOldGen       total 60416K, used 34551K [0x00000000e8000000, 0x00000000ebb00000, 0x00000000f8000000)
  object space 60416K, 57% used [0x00000000e8000000,0x00000000ea1bdee8,0x00000000ebb00000)
 Metaspace       used 43844K, capacity 47530K, committed 47744K, reserved 1091584K
  class space    used 5101K, capacity 6256K, committed 6272K, reserved 1048576K
Event: 208,527 GC heap after
Heap after GC invocations=15 (full 3):
 PSYoungGen      total 111104K, used 0K [0x00000000f8000000, 0x0000000100000000, 0x0000000100000000)
  eden space 100352K, 0% used [0x00000000f8000000,0x00000000f8000000,0x00000000fe200000)
  from space 10752K, 0% used [0x00000000ff580000,0x00000000ff580000,0x0000000100000000)
  to   space 15360K, 0% used [0x00000000fe200000,0x00000000fe200000,0x00000000ff100000)
 ParOldGen       total 60416K, used 33676K [0x00000000e8000000, 0x00000000ebb00000, 0x00000000f8000000)
  object space 60416K, 55% used [0x00000000e8000000,0x00000000ea0e3260,0x00000000ebb00000)
 Metaspace       used 43844K, capacity 47530K, committed 47744K, reserved 1091584K
  class space    used 5101K, capacity 6256K, committed 6272K, reserved 1048576K
}
Event: 273,273 GC heap before
{Heap before GC invocations=16 (full 3):
 PSYoungGen      total 111104K, used 46201K [0x00000000f8000000, 0x0000000100000000, 0x0000000100000000)
  eden space 100352K, 46% used [0x00000000f8000000,0x00000000fad1e788,0x00000000fe200000)
  from space 10752K, 0% used [0x00000000ff580000,0x00000000ff580000,0x0000000100000000)
  to   space 15360K, 0% used [0x00000000fe200000,0x00000000fe200000,0x00000000ff100000)
 ParOldGen       total 60416K, used 33676K [0x00000000e8000000, 0x00000000ebb00000, 0x00000000f8000000)
  object space 60416K, 55% used [0x00000000e8000000,0x00000000ea0e3260,0x00000000ebb00000)
 Metaspace       used 50332K, capacity 55008K, committed 55168K, reserved 1097728K
  class space    used 5887K, capacity 7285K, committed 7296K, reserved 1048576K
Event: 273,281 GC heap after
Heap after GC invocations=16 (full 3):
 PSYoungGen      total 115712K, used 4698K [0x00000000f8000000, 0x0000000100000000, 0x0000000100000000)
  eden space 100352K, 0% used [0x00000000f8000000,0x00000000f8000000,0x00000000fe200000)
  from space 15360K, 30% used [0x00000000fe200000,0x00000000fe696970,0x00000000ff100000)
  to   space 14848K, 0% used [0x00000000ff180000,0x00000000ff180000,0x0000000100000000)
 ParOldGen       total 60416K, used 33684K [0x00000000e8000000, 0x00000000ebb00000, 0x00000000f8000000)
  object space 60416K, 55% used [0x00000000e8000000,0x00000000ea0e5260,0x00000000ebb00000)
 Metaspace       used 50332K, capacity 55008K, committed 55168K, reserved 1097728K
  class space    used 5887K, capacity 7285K, committed 7296K, reserved 1048576K
}
Event: 273,281 GC heap before
{Heap before GC invocations=17 (full 4):
 PSYoungGen      total 115712K, used 4698K [0x00000000f8000000, 0x0000000100000000, 0x0000000100000000)
  eden space 100352K, 0% used [0x00000000f8000000,0x00000000f8000000,0x00000000fe200000)
  from space 15360K, 30% used [0x00000000fe200000,0x00000000fe696970,0x00000000ff100000)
  to   space 14848K, 0% used [0x00000000ff180000,0x00000000ff180000,0x0000000100000000)
 ParOldGen       total 60416K, used 33684K [0x00000000e8000000, 0x00000000ebb00000, 0x00000000f8000000)
  object space 60416K, 55% used [0x00000000e8000000,0x00000000ea0e5260,0x00000000ebb00000)
 Metaspace       used 50332K, capacity 55008K, committed 55168K, reserved 1097728K
  class space    used 5887K, capacity 7285K, committed 7296K, reserved 1048576K
Event: 273,509 GC heap after
Heap after GC invocations=17 (full 4):
 PSYoungGen      total 115712K, used 0K [0x00000000f8000000, 0x0000000100000000, 0x0000000100000000)
  eden space 100352K, 0% used [0x00000000f8000000,0x00000000f8000000,0x00000000fe200000)
  from space 15360K, 0% used [0x00000000fe200000,0x00000000fe200000,0x00000000ff100000)
  to   space 14848K, 0% used [0x00000000ff180000,0x00000000ff180000,0x0000000100000000)
 ParOldGen       total 60416K, used 28163K [0x00000000e8000000, 0x00000000ebb00000, 0x00000000f8000000)
  object space 60416K, 46% used [0x00000000e8000000,0x00000000e9b80e88,0x00000000ebb00000)
 Metaspace       used 50332K, capacity 55008K, committed 55168K, reserved 1097728K
  class space    used 5887K, capacity 7285K, committed 7296K, reserved 1048576K
}
Event: 304,821 GC heap before
{Heap before GC invocations=18 (full 4):
 PSYoungGen      total 115712K, used 100352K [0x00000000f8000000, 0x0000000100000000, 0x0000000100000000)
  eden space 100352K, 100% used [0x00000000f8000000,0x00000000fe200000,0x00000000fe200000)
  from space 15360K, 0% used [0x00000000fe200000,0x00000000fe200000,0x00000000ff100000)
  to   space 14848K, 0% used [0x00000000ff180000,0x00000000ff180000,0x0000000100000000)
 ParOldGen       total 60416K, used 28163K [0x00000000e8000000, 0x00000000ebb00000, 0x00000000f8000000)
  object space 60416K, 46% used [0x00000000e8000000,0x00000000e9b80e88,0x00000000ebb00000)
 Metaspace       used 52355K, capacity 56900K, committed 57216K, reserved 1099776K
  class space    used 6115K, capacity 7511K, committed 7552K, reserved 1048576K
Event: 304,831 GC heap after
Heap after GC invocations=18 (full 4):
 PSYoungGen      total 114176K, used 6052K [0x00000000f8000000, 0x00000000ffe80000, 0x0000000100000000)
  eden space 100864K, 0% used [0x00000000f8000000,0x00000000f8000000,0x00000000fe280000)
  from space 13312K, 45% used [0x00000000ff180000,0x00000000ff7690a8,0x00000000ffe80000)
  to   space 14336K, 0% used [0x00000000fe280000,0x00000000fe280000,0x00000000ff080000)
 ParOldGen       total 60416K, used 28171K [0x00000000e8000000, 0x00000000ebb00000, 0x00000000f8000000)
  object space 60416K, 46% used [0x00000000e8000000,0x00000000e9b82e88,0x00000000ebb00000)
 Metaspace       used 52355K, capacity 56900K, committed 57216K, reserved 1099776K
  class space    used 6115K, capacity 7511K, committed 7552K, reserved 1048576K
}
Event: 305,298 GC heap before
{Heap before GC invocations=19 (full 4):
 PSYoungGen      total 114176K, used 106916K [0x00000000f8000000, 0x00000000ffe80000, 0x0000000100000000)
  eden space 100864K, 100% used [0x00000000f8000000,0x00000000fe280000,0x00000000fe280000)
  from space 13312K, 45% used [0x00000000ff180000,0x00000000ff7690a8,0x00000000ffe80000)
  to   space 14336K, 0% used [0x00000000fe280000,0x00000000fe280000,0x00000000ff080000)
 ParOldGen       total 60416K, used 28171K [0x00000000e8000000, 0x00000000ebb00000, 0x00000000f8000000)
  object space 60416K, 46% used [0x00000000e8000000,0x00000000e9b82e88,0x00000000ebb00000)
 Metaspace       used 52527K, capacity 56964K, committed 57216K, reserved 1099776K
  class space    used 6118K, capacity 7511K, committed 7552K, reserved 1048576K
Event: 305,317 GC heap after
Heap after GC invocations=19 (full 4):
 PSYoungGen      total 115200K, used 4576K [0x00000000f8000000, 0x0000000100000000, 0x0000000100000000)
  eden space 100864K, 0% used [0x00000000f8000000,0x00000000f8000000,0x00000000fe280000)
  from space 14336K, 31% used [0x00000000fe280000,0x00000000fe6f8090,0x00000000ff080000)
  to   space 13824K, 0% used [0x00000000ff280000,0x00000000ff280000,0x0000000100000000)
 ParOldGen       total 60416K, used 29061K [0x00000000e8000000, 0x00000000ebb00000, 0x00000000f8000000)
  object space 60416K, 48% used [0x00000000e8000000,0x00000000e9c616c8,0x00000000ebb00000)
 Metaspace       used 52527K, capacity 56964K, committed 57216K, reserved 1099776K
  class space    used 6118K, capacity 7511K, committed 7552K, reserved 1048576K
}

